#
# A fatal error has been detected by the Java Runtime Environment:
#
#  EXCEPTION_ACCESS_VIOLATION (0xc0000005) at pc=0x00007ffd5577aa00, pid=11324, tid=4452
#
# JRE version: OpenJDK Runtime Environment (11.0.2+9) (build 11.0.2+9)
# Java VM: OpenJDK 64-Bit Server VM (11.0.2+9, mixed mode, tiered, compressed oops, parallel gc, windows-amd64)
# Problematic frame:
# V  [jvm.dll+0x38aa00]
#
# No core dump will be written. Minidumps are not enabled by default on client versions of Windows
#
# If you would like to submit a bug report, please visit:
#   http://bugreport.java.com/bugreport/crash.jsp
#

---------------  S U M M A R Y ------------

Command Line: --add-modules=ALL-SYSTEM --add-opens=java.base/java.util=ALL-UNNAMED --add-opens=java.base/java.lang=ALL-UNNAMED -Declipse.application=org.eclipse.jdt.ls.core.id1 -Dosgi.bundles.defaultStartLevel=4 -Declipse.product=org.eclipse.jdt.ls.core.product -Dfile.encoding=utf8 -DwatchParentProcess=false -XX:+UseParallelGC -XX:GCTimeRatio=4 -XX:AdaptiveSizePolicyWeight=90 -Dsun.zip.disableMemoryMapping=true -Xmx1G -Xms100m -Xverify:none c:\Users\Gyuseok\.vscode\extensions\redhat.java-0.82.0\server\plugins\org.eclipse.equinox.launcher_1.6.300.v20210813-1054.jar -configuration c:\Users\Gyuseok\AppData\Roaming\Code\User\globalStorage\redhat.java\0.82.0\config_ss_win -data c:\Users\Gyuseok\AppData\Roaming\Code\User\workspaceStorage\d9e4184313fe97c171b2a1aeb3b0707f\redhat.java\ss_ws

Host: Intel(R) Core(TM) i7-10700K CPU @ 3.80GHz, 16 cores, 15G,  Windows 10 , 64 bit Build 19041 (10.0.19041.1202)
Time: Sun Oct  3 22:26:45 2021 Eastern Daylight Time elapsed time: 2 seconds (0d 0h 0m 2s)

---------------  T H R E A D  ---------------

Current thread (0x0000027d11bd7000):  JavaThread "pool-1-thread-1" [_thread_in_vm, id=4452, stack(0x000000aa96900000,0x000000aa96a00000)]

Stack: [0x000000aa96900000,0x000000aa96a00000],  sp=0x000000aa969fd8b0,  free space=1014k
Native frames: (J=compiled Java code, j=interpreted, Vv=VM code, C=native code)
V  [jvm.dll+0x38aa00]
C  0x0000027d0000d657

Java frames: (J=compiled Java code, j=interpreted, Vv=VM code)
j  org.eclipse.jdt.internal.compiler.parser.Scanner.getNextToken0()I+93
j  org.eclipse.jdt.internal.compiler.parser.Scanner.getNextToken()I+47
j  org.eclipse.jdt.internal.compiler.parser.Parser.fetchNextToken()I+4
j  org.eclipse.jdt.internal.compiler.parser.Parser.parse()V+329
j  org.eclipse.jdt.internal.compiler.parser.Parser.parse(Lorg/eclipse/jdt/internal/compiler/env/ICompilationUnit;Lorg/eclipse/jdt/internal/compiler/CompilationResult;II)Lorg/eclipse/jdt/internal/compiler/ast/CompilationUnitDeclaration;+178
j  org.eclipse.jdt.internal.compiler.parser.Parser.parse(Lorg/eclipse/jdt/internal/compiler/env/ICompilationUnit;Lorg/eclipse/jdt/internal/compiler/CompilationResult;)Lorg/eclipse/jdt/internal/compiler/ast/CompilationUnitDeclaration;+5
j  org.eclipse.jdt.internal.compiler.parser.Parser.dietParse(Lorg/eclipse/jdt/internal/compiler/env/ICompilationUnit;Lorg/eclipse/jdt/internal/compiler/CompilationResult;)Lorg/eclipse/jdt/internal/compiler/ast/CompilationUnitDeclaration;+25
j  org.eclipse.jdt.core.dom.CompilationUnitResolver.parse(Lorg/eclipse/jdt/internal/compiler/env/ICompilationUnit;Lorg/eclipse/jdt/core/dom/NodeSearcher;Ljava/util/Map;I)Lorg/eclipse/jdt/internal/compiler/ast/CompilationUnitDeclaration;+117
j  org.eclipse.jdt.core.dom.ASTParser.internalCreateAST(Lorg/eclipse/core/runtime/IProgressMonitor;)Lorg/eclipse/jdt/core/dom/ASTNode;+914
j  org.eclipse.jdt.core.dom.ASTParser.createAST(Lorg/eclipse/core/runtime/IProgressMonitor;)Lorg/eclipse/jdt/core/dom/ASTNode;+39
j  org.eclipse.jdt.ls.core.internal.JDTUtils.getPackageName(Lorg/eclipse/jdt/core/IJavaProject;Ljava/lang/String;)Ljava/lang/String;+37
j  org.eclipse.jdt.ls.core.internal.JDTUtils.getPackageName(Lorg/eclipse/jdt/core/IJavaProject;Ljava/net/URI;)Ljava/lang/String;+194
j  org.eclipse.jdt.ls.core.internal.managers.InvisibleProjectImporter.getPackageName(Lorg/eclipse/core/runtime/IPath;Lorg/eclipse/core/runtime/IPath;Lorg/eclipse/jdt/core/IJavaProject;[[Ljava/lang/String;)Ljava/lang/String;+60
j  org.eclipse.jdt.ls.core.internal.managers.InvisibleProjectImporter.getPackageName(Lorg/eclipse/core/runtime/IPath;Lorg/eclipse/core/runtime/IPath;[[Ljava/lang/String;)Ljava/lang/String;+32
j  org.eclipse.jdt.ls.core.internal.managers.InvisibleProjectImporter.tryResolveSourceDirectory(Lorg/eclipse/core/runtime/IPath;Lorg/eclipse/core/runtime/IPath;[[Ljava/lang/String;)Lorg/eclipse/core/runtime/IPath;+3
j  org.eclipse.jdt.ls.core.internal.syntaxserver.SyntaxDocumentLifeCycleHandler.tryUpdateClasspath(Lorg/eclipse/core/runtime/IPath;Lorg/eclipse/core/runtime/IPath;)Z+51
j  org.eclipse.jdt.ls.core.internal.syntaxserver.SyntaxDocumentLifeCycleHandler.resolveCompilationUnit(Ljava/lang/String;)Lorg/eclipse/jdt/core/ICompilationUnit;+82
j  org.eclipse.jdt.ls.core.internal.handlers.BaseDocumentLifeCycleHandler.handleOpen(Lorg/eclipse/lsp4j/DidOpenTextDocumentParams;)Lorg/eclipse/jdt/core/ICompilationUnit;+10
j  org.eclipse.jdt.ls.core.internal.handlers.BaseDocumentLifeCycleHandler$5.run(Lorg/eclipse/core/runtime/IProgressMonitor;)V+8
j  org.eclipse.core.internal.resources.Workspace.run(Lorg/eclipse/core/runtime/ICoreRunnable;Lorg/eclipse/core/runtime/jobs/ISchedulingRule;ILorg/eclipse/core/runtime/IProgressMonitor;)V+69
j  org.eclipse.core.internal.resources.Workspace.run(Lorg/eclipse/core/resources/IWorkspaceRunnable;Lorg/eclipse/core/runtime/jobs/ISchedulingRule;ILorg/eclipse/core/runtime/IProgressMonitor;)V+6
j  org.eclipse.jdt.ls.core.internal.handlers.BaseDocumentLifeCycleHandler.didOpen(Lorg/eclipse/lsp4j/DidOpenTextDocumentParams;)V+59
j  org.eclipse.jdt.ls.core.internal.syntaxserver.SyntaxLanguageServer.didOpen(Lorg/eclipse/lsp4j/DidOpenTextDocumentParams;)V+11
v  ~StubRoutines::call_stub
j  jdk.internal.reflect.NativeMethodAccessorImpl.invoke0(Ljava/lang/reflect/Method;Ljava/lang/Object;[Ljava/lang/Object;)Ljava/lang/Object;+0 java.base@11.0.2
j  jdk.internal.reflect.NativeMethodAccessorImpl.invoke(Ljava/lang/Object;[Ljava/lang/Object;)Ljava/lang/Object;+100 java.base@11.0.2
J 1105 c1 jdk.internal.reflect.DelegatingMethodAccessorImpl.invoke(Ljava/lang/Object;[Ljava/lang/Object;)Ljava/lang/Object; java.base@11.0.2 (10 bytes) @ 0x0000027d009222dc [0x0000027d009221e0+0x00000000000000fc]
J 1104 c1 java.lang.reflect.Method.invoke(Ljava/lang/Object;[Ljava/lang/Object;)Ljava/lang/Object; java.base@11.0.2 (65 bytes) @ 0x0000027d00922a4c [0x0000027d00922720+0x000000000000032c]
j  org.eclipse.lsp4j.jsonrpc.services.GenericEndpoint.lambda$null$0(Lorg/eclipse/lsp4j/jsonrpc/services/AnnotationUtil$MethodInfo;Ljava/lang/Object;Ljava/lang/Object;)Ljava/util/concurrent/CompletableFuture;+20
j  org.eclipse.lsp4j.jsonrpc.services.GenericEndpoint$$Lambda$163.apply(Ljava/lang/Object;)Ljava/lang/Object;+13
j  org.eclipse.lsp4j.jsonrpc.services.GenericEndpoint.notify(Ljava/lang/String;Ljava/lang/Object;)V+18
j  org.eclipse.lsp4j.jsonrpc.RemoteEndpoint.handleNotification(Lorg/eclipse/lsp4j/jsonrpc/messages/NotificationMessage;)V+20
j  org.eclipse.lsp4j.jsonrpc.RemoteEndpoint.consume(Lorg/eclipse/lsp4j/jsonrpc/messages/Message;)V+14
j  org.eclipse.lsp4j.jsonrpc.json.StreamMessageProducer.handleMessage(Ljava/io/InputStream;Lorg/eclipse/lsp4j/jsonrpc/json/StreamMessageProducer$Headers;)Z+99
j  org.eclipse.lsp4j.jsonrpc.json.StreamMessageProducer.listen(Lorg/eclipse/lsp4j/jsonrpc/MessageConsumer;)V+158
j  org.eclipse.lsp4j.jsonrpc.json.ConcurrentMessageProcessor.run()V+12
j  java.util.concurrent.Executors$RunnableAdapter.call()Ljava/lang/Object;+4 java.base@11.0.2
j  java.util.concurrent.FutureTask.run()V+39 java.base@11.0.2
j  java.util.concurrent.ThreadPoolExecutor.runWorker(Ljava/util/concurrent/ThreadPoolExecutor$Worker;)V+92 java.base@11.0.2
j  java.util.concurrent.ThreadPoolExecutor$Worker.run()V+5 java.base@11.0.2
j  java.lang.Thread.run()V+11 java.base@11.0.2
v  ~StubRoutines::call_stub

siginfo: EXCEPTION_ACCESS_VIOLATION (0xc0000005), reading address 0x00000000ecd0c12c


Register to memory mapping:

RIP=0x00007ffd5577aa00 jvm.dll
RAX=0x000000000000000c is an unknown value
RBX=0x0000000000000f5f is an unknown value
RCX=0x000000aa969fd8e0 is pointing into the stack for thread: 0x0000027d11bd7000
RDX=0x00007ffd55c442b8 jvm.dll
RSP=0x000000aa969fd8b0 is pointing into the stack for thread: 0x0000027d11bd7000
RBP=0x0000027d11bab950 points into unknown readable memory: 00 00 00 00 00 00 00 00
RSI=0x0000027d133bca20 points into unknown readable memory: 02 00 00 00 6b 01 00 0e
RDI=0x0000027d11bd7000 is a thread
R8 =0x0000000000000f5f is an unknown value
R9 =0x0000000000000006 is an unknown value
R10=0x0000027d133be2f0 points into unknown readable memory: 05 00 00 00 3c 00 00 00
R11=0x000000aa969fd8a0 is pointing into the stack for thread: 0x0000027d11bd7000
R12=0x00000000ecd0c120 is an unallocated location in the heap
R13=0x00000000000003d8 is an unknown value
R14=0x0000027d11bab960 points into unknown readable memory: f0 a3 c4 55 fd 7f 00 00
R15=0x0000027d11babd38 points into unknown readable memory: 7f b8 c6 9d 00 05 00 88


Registers:
RAX=0x000000000000000c, RBX=0x0000000000000f5f, RCX=0x000000aa969fd8e0, RDX=0x00007ffd55c442b8
RSP=0x000000aa969fd8b0, RBP=0x0000027d11bab950, RSI=0x0000027d133bca20, RDI=0x0000027d11bd7000
R8 =0x0000000000000f5f, R9 =0x0000000000000006, R10=0x0000027d133be2f0, R11=0x000000aa969fd8a0
R12=0x00000000ecd0c120, R13=0x00000000000003d8, R14=0x0000027d11bab960, R15=0x0000027d11babd38
RIP=0x00007ffd5577aa00, EFLAGS=0x0000000000010202

Top of Stack: (sp=0x000000aa969fd8b0)
0x000000aa969fd8b0:   0000000000000f5f 000000000000000a
0x000000aa969fd8c0:   0000027d111871f0 00007ffd55779b83
0x000000aa969fd8d0:   000000aa969fe980 000000000000000a
0x000000aa969fd8e0:   00007ffd55c440a8 0000005000000000
0x000000aa969fd8f0:   0000000000000000 0000000000000000
0x000000aa969fd900:   0000000000000000 0000000000000000
0x000000aa969fd910:   0000000000000000 0000027d11bab960
0x000000aa969fd920:   0000000000000000 0000000000000100
0x000000aa969fd930:   0000027d1109d700 000000aa969fd9b0
0x000000aa969fd940:   0000027d11bd7000 000000aa969fda68
0x000000aa969fd950:   0000027d146b96ad 0000000000000000
0x000000aa969fd960:   0000000000000f5f 0000027d0000d657
0x000000aa969fd970:   0000027d11bd7000 000000aa969fd9e8
0x000000aa969fd980:   000000000000000a 0000000000000000
0x000000aa969fd990:   00000000ecd0c120 0000027d0000d611
0x000000aa969fd9a0:   000000aa969fd9a0 0000027d146b96ad 

Instructions: (pc=0x00007ffd5577aa00)
0x00007ffd5577a9e0:   95 6c 00 00 48 8d 15 cd 98 4c 00 b9 0c 00 00 00
0x00007ffd5577a9f0:   b8 10 00 00 00 0f 45 c1 44 8b c3 48 8d 4c 24 30
0x00007ffd5577aa00:   46 8b 0c 20 e8 a7 be 2a 00 48 8b 1d a0 fa 6f 00
0x00007ffd5577aa10:   48 8d 4c 24 30 e8 56 af 2a 00 4c 8b cb 48 89 44 


Stack slot to memory mapping:
stack at sp + 0 slots: 0x0000000000000f5f is an unknown value
stack at sp + 1 slots: 0x000000000000000a is an unknown value
stack at sp + 2 slots: 0x0000027d111871f0 points into unknown readable memory: 00 00 00 00 00 00 00 00
stack at sp + 3 slots: 0x00007ffd55779b83 jvm.dll
stack at sp + 4 slots: 0x000000aa969fe980 is pointing into the stack for thread: 0x0000027d11bd7000
stack at sp + 5 slots: 0x000000000000000a is an unknown value
stack at sp + 6 slots: 0x00007ffd55c440a8 jvm.dll
stack at sp + 7 slots: 0x0000005000000000 is an unknown value


---------------  P R O C E S S  ---------------

Threads class SMR info:
_java_thread_list=0x0000027d11842c50, length=29, elements={
0x0000027d71599000, 0x0000027d71661800, 0x0000027d7f2b5800, 0x0000027d7f30e800,
0x0000027d7f310800, 0x0000027d7f314800, 0x0000027d7f318000, 0x0000027d7f31b000,
0x0000027d7161c000, 0x0000027d7f47c800, 0x0000027d104b7800, 0x0000027d10808000,
0x0000027d10804000, 0x0000027d10805000, 0x0000027d10fda800, 0x0000027d11367800,
0x0000027d1181c800, 0x0000027d110a5000, 0x0000027d11883000, 0x0000027d110dd000,
0x0000027d11bd7000, 0x0000027d110db800, 0x0000027d110d9800, 0x0000027d110da800,
0x0000027d110dc000, 0x0000027d110d7800, 0x0000027d110de000, 0x0000027d110d8000,
0x0000027d110d9000
}

Java Threads: ( => current thread )
  0x0000027d71599000 JavaThread "main" [_thread_blocked, id=10776, stack(0x000000aa94900000,0x000000aa94a00000)]
  0x0000027d71661800 JavaThread "Reference Handler" daemon [_thread_blocked, id=12824, stack(0x000000aa94c00000,0x000000aa94d00000)]
  0x0000027d7f2b5800 JavaThread "Finalizer" daemon [_thread_blocked, id=9916, stack(0x000000aa94d00000,0x000000aa94e00000)]
  0x0000027d7f30e800 JavaThread "Signal Dispatcher" daemon [_thread_blocked, id=11056, stack(0x000000aa94e00000,0x000000aa94f00000)]
  0x0000027d7f310800 JavaThread "Attach Listener" daemon [_thread_blocked, id=17128, stack(0x000000aa94f00000,0x000000aa95000000)]
  0x0000027d7f314800 JavaThread "C2 CompilerThread0" daemon [_thread_blocked, id=11356, stack(0x000000aa95000000,0x000000aa95100000)]
  0x0000027d7f318000 JavaThread "C1 CompilerThread0" daemon [_thread_blocked, id=13184, stack(0x000000aa95100000,0x000000aa95200000)]
  0x0000027d7f31b000 JavaThread "Sweeper thread" daemon [_thread_blocked, id=13940, stack(0x000000aa95200000,0x000000aa95300000)]
  0x0000027d7161c000 JavaThread "Common-Cleaner" daemon [_thread_blocked, id=18452, stack(0x000000aa95300000,0x000000aa95400000)]
  0x0000027d7f47c800 JavaThread "C1 CompilerThread1" daemon [_thread_blocked, id=6188, stack(0x000000aa95400000,0x000000aa95500000)]
  0x0000027d104b7800 JavaThread "Service Thread" daemon [_thread_blocked, id=14276, stack(0x000000aa95700000,0x000000aa95800000)]
  0x0000027d10808000 JavaThread "Active Thread: Equinox Container: 848200a7-ae92-4e28-852c-86bc4ed37a66" [_thread_blocked, id=8852, stack(0x000000aa95900000,0x000000aa95a00000)]
  0x0000027d10804000 JavaThread "Framework Event Dispatcher: Equinox Container: 848200a7-ae92-4e28-852c-86bc4ed37a66" daemon [_thread_blocked, id=10572, stack(0x000000aa95a00000,0x000000aa95b00000)]
  0x0000027d10805000 JavaThread "Start Level: Equinox Container: 848200a7-ae92-4e28-852c-86bc4ed37a66" daemon [_thread_blocked, id=4932, stack(0x000000aa95b00000,0x000000aa95c00000)]
  0x0000027d10fda800 JavaThread "SCR Component Actor" daemon [_thread_blocked, id=5868, stack(0x000000aa95f00000,0x000000aa96000000)]
  0x0000027d11367800 JavaThread "Timer-0" daemon [_thread_blocked, id=16780, stack(0x000000aa96000000,0x000000aa96100000)]
  0x0000027d1181c800 JavaThread "Worker-JM" [_thread_blocked, id=17076, stack(0x000000aa96100000,0x000000aa96200000)]
  0x0000027d110a5000 JavaThread "Worker-0" [_thread_blocked, id=12760, stack(0x000000aa96200000,0x000000aa96300000)]
  0x0000027d11883000 JavaThread "Worker-1" [_thread_blocked, id=16100, stack(0x000000aa96700000,0x000000aa96800000)]
  0x0000027d110dd000 JavaThread "C2 CompilerThread1" daemon [_thread_blocked, id=1392, stack(0x000000aa95500000,0x000000aa95600000)]
=>0x0000027d11bd7000 JavaThread "pool-1-thread-1" [_thread_in_vm, id=4452, stack(0x000000aa96900000,0x000000aa96a00000)]
  0x0000027d110db800 JavaThread "C1 CompilerThread2" daemon [_thread_blocked, id=19204, stack(0x000000aa95600000,0x000000aa95700000)]
  0x0000027d110d9800 JavaThread "C2 CompilerThread2" daemon [_thread_blocked, id=14264, stack(0x000000aa96800000,0x000000aa96900000)]
  0x0000027d110da800 JavaThread "C2 CompilerThread3" daemon [_thread_blocked, id=15408, stack(0x000000aa96e00000,0x000000aa96f00000)]
  0x0000027d110dc000 JavaThread "C2 CompilerThread4" daemon [_thread_blocked, id=13624, stack(0x000000aa96f00000,0x000000aa97000000)]
  0x0000027d110d7800 JavaThread "C2 CompilerThread5" daemon [_thread_blocked, id=10184, stack(0x000000aa97000000,0x000000aa97100000)]
  0x0000027d110de000 JavaThread "C2 CompilerThread6" daemon [_thread_blocked, id=15064, stack(0x000000aa97100000,0x000000aa97200000)]
  0x0000027d110d8000 JavaThread "C2 CompilerThread7" daemon [_thread_blocked, id=12204, stack(0x000000aa97200000,0x000000aa97300000)]
  0x0000027d110d9000 JavaThread "Worker-2" [_thread_blocked, id=16196, stack(0x000000aa97300000,0x000000aa97400000)]

Other Threads:
  0x0000027d71660000 VMThread "VM Thread" [stack: 0x000000aa94b00000,0x000000aa94c00000] [id=5904]
  0x0000027d104b8800 WatcherThread [stack: 0x000000aa95800000,0x000000aa95900000] [id=12392]
  0x0000027d715ae000 GCTaskThread "ParGC Thread#0" [stack: 0x000000aa94a00000,0x000000aa94b00000] [id=14200]
  0x0000027d109f9000 GCTaskThread "ParGC Thread#1" [stack: 0x000000aa95c00000,0x000000aa95d00000] [id=15832]
  0x0000027d109f9800 GCTaskThread "ParGC Thread#2" [stack: 0x000000aa95d00000,0x000000aa95e00000] [id=1780]
  0x0000027d109fa000 GCTaskThread "ParGC Thread#3" [stack: 0x000000aa95e00000,0x000000aa95f00000] [id=15532]
  0x0000027d11189800 GCTaskThread "ParGC Thread#4" [stack: 0x000000aa96300000,0x000000aa96400000] [id=14652]
  0x0000027d110b6800 GCTaskThread "ParGC Thread#5" [stack: 0x000000aa96400000,0x000000aa96500000] [id=3496]
  0x0000027d11863800 GCTaskThread "ParGC Thread#6" [stack: 0x000000aa96500000,0x000000aa96600000] [id=8996]
  0x0000027d11864000 GCTaskThread "ParGC Thread#7" [stack: 0x000000aa96600000,0x000000aa96700000] [id=13808]
  0x0000027d11b5c000 GCTaskThread "ParGC Thread#8" [stack: 0x000000aa96a00000,0x000000aa96b00000] [id=11280]
  0x0000027d11b5d000 GCTaskThread "ParGC Thread#9" [stack: 0x000000aa96b00000,0x000000aa96c00000] [id=14164]
  0x0000027d11a4d800 GCTaskThread "ParGC Thread#10" [stack: 0x000000aa96c00000,0x000000aa96d00000] [id=10864]
  0x0000027d11a52800 GCTaskThread "ParGC Thread#11" [stack: 0x000000aa96d00000,0x000000aa96e00000] [id=7092]
  0x0000027d1d480800 GCTaskThread "ParGC Thread#12" [stack: 0x000000aa97400000,0x000000aa97500000] [id=11340]

Threads with active compile tasks:

VM state:not at safepoint (normal execution)

VM Mutex/Monitor currently owned by a thread: None

Heap address: 0x00000000c0000000, size: 1024 MB, Compressed Oops mode: 32-bit
Narrow klass base: 0x0000000000000000, Narrow klass shift: 3
Compressed class space size: 1073741824 Address: 0x0000000100000000

Heap:
 PSYoungGen      total 24064K, used 0K [0x00000000eab00000, 0x00000000eca00000, 0x0000000100000000)
  eden space 22528K, 0% used [0x00000000eab00000,0x00000000eab00000,0x00000000ec100000)
  from space 1536K, 0% used [0x00000000ec380000,0x00000000ec380000,0x00000000ec500000)
  to   space 2560K, 0% used [0x00000000ec780000,0x00000000ec780000,0x00000000eca00000)
 ParOldGen       total 68608K, used 22247K [0x00000000c0000000, 0x00000000c4300000, 0x00000000eab00000)
  object space 68608K, 32% used [0x00000000c0000000,0x00000000c15b9fe0,0x00000000c4300000)
 Metaspace       used 33501K, capacity 35312K, committed 35416K, reserved 1081344K
  class space    used 3174K, capacity 3866K, committed 3928K, reserved 1048576K

Card table byte_map: [0x0000027d7b260000,0x0000027d7b470000] _byte_map_base: 0x0000027d7ac60000

Marking Bits: (ParMarkBitMap*) 0x00007ffd55e5b9c0
 Begin Bits: [0x0000027d7b5d0000, 0x0000027d7c5d0000)
 End Bits:   [0x0000027d7c5d0000, 0x0000027d7d5d0000)

Polling page: 0x0000027d713d0000

Metaspace:

Usage:
  Non-class:     30.71 MB capacity,    29.62 MB ( 96%) used,     1.02 MB (  3%) free+waste,    74.63 KB ( <1%) overhead. 
      Class:      3.78 MB capacity,     3.10 MB ( 82%) used,   655.27 KB ( 17%) free+waste,    36.13 KB ( <1%) overhead. 
       Both:     34.48 MB capacity,    32.72 MB ( 95%) used,     1.66 MB (  5%) free+waste,   110.75 KB ( <1%) overhead. 

Virtual space:
  Non-class space:       32.00 MB reserved,      30.75 MB ( 96%) committed 
      Class space:        1.00 GB reserved,       3.84 MB ( <1%) committed 
             Both:        1.03 GB reserved,      34.59 MB (  3%) committed 

Chunk freelists:
   Non-Class:  5.25 KB
       Class:  768 bytes
        Both:  6.00 KB

CodeHeap 'non-profiled nmethods': size=119168Kb used=1903Kb max_used=1903Kb free=117264Kb
 bounds [0x0000027d07ba0000, 0x0000027d07e10000, 0x0000027d0f000000]
CodeHeap 'profiled nmethods': size=119168Kb used=7433Kb max_used=7433Kb free=111734Kb
 bounds [0x0000027d00740000, 0x0000027d00e90000, 0x0000027d07ba0000]
CodeHeap 'non-nmethods': size=7424Kb used=2320Kb max_used=2400Kb free=5103Kb
 bounds [0x0000027d00000000, 0x0000027d002d0000, 0x0000027d00740000]
 total_blobs=5052 nmethods=3404 adapters=463
 compilation: enabled
              stopped_count=0, restarted_count=0
 full_count=0

Compilation events (10 events):
Event: 2.728 Thread 0x0000027d110da800 nmethod 3638 0x0000027d07d6d390 code [0x0000027d07d6d520, 0x0000027d07d6d718]
Event: 2.734 Thread 0x0000027d110d9800 nmethod 3633% 0x0000027d07d6d890 code [0x0000027d07d6da80, 0x0000027d07d6e8c8]
Event: 2.734 Thread 0x0000027d7f314800 3647       4       java.lang.String::toCharArray (25 bytes)
Event: 2.736 Thread 0x0000027d110de000 nmethod 3635% 0x0000027d07d6f110 code [0x0000027d07d6f300, 0x0000027d07d703b8]
Event: 2.736 Thread 0x0000027d7f314800 nmethod 3647 0x0000027d07d70b90 code [0x0000027d07d70d40, 0x0000027d07d71058]
Event: 2.738 Thread 0x0000027d7f318000 3648       3       org.eclipse.jdt.core.compiler.CharOperation::isWhitespace (23 bytes)
Event: 2.738 Thread 0x0000027d7f47c800 3649       3       org.eclipse.jdt.internal.compiler.parser.Scanner::internalScanIdentifierOrKeyword (4733 bytes)
Event: 2.738 Thread 0x0000027d7f318000 nmethod 3648 0x0000027d00e79490 code [0x0000027d00e79640, 0x0000027d00e79858]
Event: 2.738 Thread 0x0000027d110db800 3650       3       org.eclipse.jdt.internal.compiler.parser.Scanner::scanIdentifierOrKeyword (196 bytes)
Event: 2.794 Thread 0x0000027d110db800 nmethod 3650 0x0000027d00e79910 code [0x0000027d00e79b40, 0x0000027d00e7a3e0]

GC Heap History (10 events):
Event: 2.485 GC heap before
{Heap before GC invocations=9 (full 1):
 PSYoungGen      total 30720K, used 30705K [0x00000000eab00000, 0x00000000ed480000, 0x0000000100000000)
  eden space 24064K, 100% used [0x00000000eab00000,0x00000000ec280000,0x00000000ec280000)
  from space 6656K, 99% used [0x00000000ec380000,0x00000000ec9fc470,0x00000000eca00000)
  to   space 9216K, 0% used [0x00000000ecb80000,0x00000000ecb80000,0x00000000ed480000)
 ParOldGen       total 68608K, used 10820K [0x00000000c0000000, 0x00000000c4300000, 0x00000000eab00000)
  object space 68608K, 15% used [0x00000000c0000000,0x00000000c0a91318,0x00000000c4300000)
 Metaspace       used 31245K, capacity 32962K, committed 33152K, reserved 1079296K
  class space    used 3014K, capacity 3656K, committed 3712K, reserved 1048576K
}
Event: 2.488 GC heap after
{Heap after GC invocations=9 (full 1):
 PSYoungGen      total 30720K, used 6944K [0x00000000eab00000, 0x00000000ed280000, 0x0000000100000000)
  eden space 23552K, 0% used [0x00000000eab00000,0x00000000eab00000,0x00000000ec200000)
  from space 7168K, 96% used [0x00000000ecb80000,0x00000000ed248010,0x00000000ed280000)
  to   space 7680K, 0% used [0x00000000ec380000,0x00000000ec380000,0x00000000ecb00000)
 ParOldGen       total 68608K, used 12884K [0x00000000c0000000, 0x00000000c4300000, 0x00000000eab00000)
  object space 68608K, 18% used [0x00000000c0000000,0x00000000c0c95238,0x00000000c4300000)
 Metaspace       used 31245K, capacity 32962K, committed 33152K, reserved 1079296K
  class space    used 3014K, capacity 3656K, committed 3712K, reserved 1048576K
}
Event: 2.506 GC heap before
{Heap before GC invocations=10 (full 1):
 PSYoungGen      total 30720K, used 30496K [0x00000000eab00000, 0x00000000ed280000, 0x0000000100000000)
  eden space 23552K, 100% used [0x00000000eab00000,0x00000000ec200000,0x00000000ec200000)
  from space 7168K, 96% used [0x00000000ecb80000,0x00000000ed248010,0x00000000ed280000)
  to   space 7680K, 0% used [0x00000000ec380000,0x00000000ec380000,0x00000000ecb00000)
 ParOldGen       total 68608K, used 12884K [0x00000000c0000000, 0x00000000c4300000, 0x00000000eab00000)
  object space 68608K, 18% used [0x00000000c0000000,0x00000000c0c95238,0x00000000c4300000)
 Metaspace       used 31245K, capacity 32962K, committed 33152K, reserved 1079296K
  class space    used 3014K, capacity 3656K, committed 3712K, reserved 1048576K
}
Event: 2.509 GC heap after
{Heap after GC invocations=10 (full 1):
 PSYoungGen      total 29184K, used 5920K [0x00000000eab00000, 0x00000000ece80000, 0x0000000100000000)
  eden space 23040K, 0% used [0x00000000eab00000,0x00000000eab00000,0x00000000ec180000)
  from space 6144K, 96% used [0x00000000ec380000,0x00000000ec948010,0x00000000ec980000)
  to   space 5120K, 0% used [0x00000000ec980000,0x00000000ec980000,0x00000000ece80000)
 ParOldGen       total 68608K, used 15955K [0x00000000c0000000, 0x00000000c4300000, 0x00000000eab00000)
  object space 68608K, 23% used [0x00000000c0000000,0x00000000c0f94d70,0x00000000c4300000)
 Metaspace       used 31245K, capacity 32962K, committed 33152K, reserved 1079296K
  class space    used 3014K, capacity 3656K, committed 3712K, reserved 1048576K
}
Event: 2.664 GC heap before
{Heap before GC invocations=11 (full 1):
 PSYoungGen      total 29184K, used 28911K [0x00000000eab00000, 0x00000000ece80000, 0x0000000100000000)
  eden space 23040K, 99% used [0x00000000eab00000,0x00000000ec173c98,0x00000000ec180000)
  from space 6144K, 96% used [0x00000000ec380000,0x00000000ec948010,0x00000000ec980000)
  to   space 5120K, 0% used [0x00000000ec980000,0x00000000ec980000,0x00000000ece80000)
 ParOldGen       total 68608K, used 15955K [0x00000000c0000000, 0x00000000c4300000, 0x00000000eab00000)
  object space 68608K, 23% used [0x00000000c0000000,0x00000000c0f94d70,0x00000000c4300000)
 Metaspace       used 32068K, capacity 33935K, committed 34048K, reserved 1079296K
  class space    used 3088K, capacity 3770K, committed 3840K, reserved 1048576K
}
Event: 2.673 GC heap after
{Heap after GC invocations=11 (full 1):
 PSYoungGen      total 27648K, used 4642K [0x00000000eab00000, 0x00000000ece80000, 0x0000000100000000)
  eden space 22528K, 0% used [0x00000000eab00000,0x00000000eab00000,0x00000000ec100000)
  from space 5120K, 90% used [0x00000000ec980000,0x00000000ece08b00,0x00000000ece80000)
  to   space 5632K, 0% used [0x00000000ec380000,0x00000000ec380000,0x00000000ec900000)
 ParOldGen       total 68608K, used 19726K [0x00000000c0000000, 0x00000000c4300000, 0x00000000eab00000)
  object space 68608K, 28% used [0x00000000c0000000,0x00000000c1343ad0,0x00000000c4300000)
 Metaspace       used 32068K, capacity 33935K, committed 34048K, reserved 1079296K
  class space    used 3088K, capacity 3770K, committed 3840K, reserved 1048576K
}
Event: 2.738 GC heap before
{Heap before GC invocations=12 (full 1):
 PSYoungGen      total 27648K, used 17563K [0x00000000eab00000, 0x00000000ece80000, 0x0000000100000000)
  eden space 22528K, 57% used [0x00000000eab00000,0x00000000eb79e1d8,0x00000000ec100000)
  from space 5120K, 90% used [0x00000000ec980000,0x00000000ece08b00,0x00000000ece80000)
  to   space 5632K, 0% used [0x00000000ec380000,0x00000000ec380000,0x00000000ec900000)
 ParOldGen       total 68608K, used 19726K [0x00000000c0000000, 0x00000000c4300000, 0x00000000eab00000)
  object space 68608K, 28% used [0x00000000c0000000,0x00000000c1343ad0,0x00000000c4300000)
 Metaspace       used 33501K, capacity 35312K, committed 35416K, reserved 1081344K
  class space    used 3174K, capacity 3866K, committed 3928K, reserved 1048576K
}
Event: 2.741 GC heap after
{Heap after GC invocations=12 (full 1):
 PSYoungGen      total 24064K, used 1125K [0x00000000eab00000, 0x00000000eca00000, 0x0000000100000000)
  eden space 22528K, 0% used [0x00000000eab00000,0x00000000eab00000,0x00000000ec100000)
  from space 1536K, 73% used [0x00000000ec380000,0x00000000ec499450,0x00000000ec500000)
  to   space 2560K, 0% used [0x00000000ec780000,0x00000000ec780000,0x00000000eca00000)
 ParOldGen       total 68608K, used 24293K [0x00000000c0000000, 0x00000000c4300000, 0x00000000eab00000)
  object space 68608K, 35% used [0x00000000c0000000,0x00000000c17b9450,0x00000000c4300000)
 Metaspace       used 33501K, capacity 35312K, committed 35416K, reserved 1081344K
  class space    used 3174K, capacity 3866K, committed 3928K, reserved 1048576K
}
Event: 2.741 GC heap before
{Heap before GC invocations=13 (full 2):
 PSYoungGen      total 24064K, used 1125K [0x00000000eab00000, 0x00000000eca00000, 0x0000000100000000)
  eden space 22528K, 0% used [0x00000000eab00000,0x00000000eab00000,0x00000000ec100000)
  from space 1536K, 73% used [0x00000000ec380000,0x00000000ec499450,0x00000000ec500000)
  to   space 2560K, 0% used [0x00000000ec780000,0x00000000ec780000,0x00000000eca00000)
 ParOldGen       total 68608K, used 24293K [0x00000000c0000000, 0x00000000c4300000, 0x00000000eab00000)
  object space 68608K, 35% used [0x00000000c0000000,0x00000000c17b9450,0x00000000c4300000)
 Metaspace       used 33501K, capacity 35312K, committed 35416K, reserved 1081344K
  class space    used 3174K, capacity 3866K, committed 3928K, reserved 1048576K
}
Event: 2.793 GC heap after
{Heap after GC invocations=13 (full 2):
 PSYoungGen      total 24064K, used 0K [0x00000000eab00000, 0x00000000eca00000, 0x0000000100000000)
  eden space 22528K, 0% used [0x00000000eab00000,0x00000000eab00000,0x00000000ec100000)
  from space 1536K, 0% used [0x00000000ec380000,0x00000000ec380000,0x00000000ec500000)
  to   space 2560K, 0% used [0x00000000ec780000,0x00000000ec780000,0x00000000eca00000)
 ParOldGen       total 68608K, used 22247K [0x00000000c0000000, 0x00000000c4300000, 0x00000000eab00000)
  object space 68608K, 32% used [0x00000000c0000000,0x00000000c15b9fe0,0x00000000c4300000)
 Metaspace       used 33501K, capacity 35312K, committed 35416K, reserved 1081344K
  class space    used 3174K, capacity 3866K, committed 3928K, reserved 1048576K
}

Deoptimization events (10 events):
Event: 2.544 Thread 0x0000027d11883000 Uncommon trap: reason=class_check action=maybe_recompile pc=0x0000027d07cabf08 method=java.util.Spliterators$1Adapter.hasNext()Z @ 12 c2
Event: 2.544 Thread 0x0000027d11883000 Uncommon trap: reason=class_check action=maybe_recompile pc=0x0000027d07cabf08 method=java.util.Spliterators$1Adapter.hasNext()Z @ 12 c2
Event: 2.578 Thread 0x0000027d11bd7000 Uncommon trap: reason=predicate action=maybe_recompile pc=0x0000027d07c71444 method=java.lang.PublicMethods$MethodList.filter([Ljava/lang/reflect/Method;Ljava/lang/String;[Ljava/lang/Class;Z)Ljava/lang/PublicMethods$MethodList; @ 21 c2
Event: 2.581 Thread 0x0000027d11883000 Uncommon trap: reason=class_check action=maybe_recompile pc=0x0000027d07cabf08 method=java.util.Spliterators$1Adapter.hasNext()Z @ 12 c2
Event: 2.602 Thread 0x0000027d11bd7000 Uncommon trap: reason=bimorphic_or_optimized_type_check action=maybe_recompile pc=0x0000027d07c894dc method=java.util.stream.Sink$ChainedReference.cancellationRequested()Z @ 4 c2
Event: 2.602 Thread 0x0000027d11bd7000 Uncommon trap: reason=class_check action=maybe_recompile pc=0x0000027d07c9ece8 method=java.util.ArrayList$ArrayListSpliterator.tryAdvance(Ljava/util/function/Consumer;)Z @ 48 c2
Event: 2.602 Thread 0x0000027d11bd7000 Uncommon trap: reason=bimorphic_or_optimized_type_check action=maybe_recompile pc=0x0000027d07c894dc method=java.util.stream.Sink$ChainedReference.cancellationRequested()Z @ 4 c2
Event: 2.632 Thread 0x0000027d11bd7000 Uncommon trap: reason=profile_predicate action=maybe_recompile pc=0x0000027d07d5d520 method=java.util.TreeMap.getEntryUsingComparator(Ljava/lang/Object;)Ljava/util/TreeMap$Entry; @ 19 c2
Event: 2.722 Thread 0x0000027d11bd7000 Uncommon trap: reason=unstable_if action=reinterpret pc=0x0000027d07c441bc method=java.util.Properties$LineReader.readLine()I @ 445 c2
Event: 2.722 Thread 0x0000027d11bd7000 Uncommon trap: reason=unstable_if action=reinterpret pc=0x0000027d07c3f468 method=java.util.Properties$LineReader.readLine()I @ 105 c2

Classes redefined (0 events):
No events

Internal exceptions (10 events):
Event: 2.617 Thread 0x0000027d11bd7000 Exception <a 'sun/nio/fs/WindowsException'{0x00000000ec040060}> (0x00000000ec040060) thrown at [t:/workspace/open/src/hotspot/share/prims/jni.cpp, line 615]
Event: 2.617 Thread 0x0000027d11bd7000 Exception <a 'sun/nio/fs/WindowsException'{0x00000000ec043980}> (0x00000000ec043980) thrown at [t:/workspace/open/src/hotspot/share/prims/jni.cpp, line 615]
Event: 2.618 Thread 0x0000027d11bd7000 Exception <a 'sun/nio/fs/WindowsException'{0x00000000ec0474e8}> (0x00000000ec0474e8) thrown at [t:/workspace/open/src/hotspot/share/prims/jni.cpp, line 615]
Event: 2.619 Thread 0x0000027d11bd7000 Exception <a 'sun/nio/fs/WindowsException'{0x00000000ec04eb60}> (0x00000000ec04eb60) thrown at [t:/workspace/open/src/hotspot/share/prims/jni.cpp, line 615]
Event: 2.620 Thread 0x0000027d11bd7000 Exception <a 'sun/nio/fs/WindowsException'{0x00000000ec05ba98}> (0x00000000ec05ba98) thrown at [t:/workspace/open/src/hotspot/share/prims/jni.cpp, line 615]
Event: 2.621 Thread 0x0000027d11bd7000 Exception <a 'java/io/FileNotFoundException'{0x00000000ec0617e8}> (0x00000000ec0617e8) thrown at [t:/workspace/open/src/hotspot/share/prims/jni.cpp, line 615]
Event: 2.623 Thread 0x0000027d11bd7000 Exception <a 'java/io/FileNotFoundException'{0x00000000ec074530}> (0x00000000ec074530) thrown at [t:/workspace/open/src/hotspot/share/prims/jni.cpp, line 615]
Event: 2.624 Thread 0x0000027d11bd7000 Exception <a 'sun/nio/fs/WindowsException'{0x00000000ec07c400}> (0x00000000ec07c400) thrown at [t:/workspace/open/src/hotspot/share/prims/jni.cpp, line 615]
Event: 2.628 Thread 0x0000027d11bd7000 Exception <a 'sun/nio/fs/WindowsException'{0x00000000ec099aa8}> (0x00000000ec099aa8) thrown at [t:/workspace/open/src/hotspot/share/prims/jni.cpp, line 615]
Event: 2.633 Thread 0x0000027d11bd7000 Exception <a 'sun/nio/fs/WindowsException'{0x00000000ec0af7c0}> (0x00000000ec0af7c0) thrown at [t:/workspace/open/src/hotspot/share/prims/jni.cpp, line 615]

Events (10 events):
Event: 2.722 Thread 0x0000027d11bd7000 DEOPT PACKING pc=0x0000027d07c3f468 sp=0x000000aa969fd2e0
Event: 2.722 Thread 0x0000027d11bd7000 DEOPT UNPACKING pc=0x0000027d0002872f sp=0x000000aa969fd280 mode 2
Event: 2.725 loading class org/eclipse/jdt/internal/compiler/problem/messages_en
Event: 2.725 loading class org/eclipse/jdt/internal/compiler/problem/messages_en done
Event: 2.725 loading class org/eclipse/jdt/internal/compiler/problem/messages_en_US
Event: 2.725 loading class org/eclipse/jdt/internal/compiler/problem/messages_en_US done
Event: 2.736 Executing VM operation: Deoptimize
Event: 2.736 Executing VM operation: Deoptimize done
Event: 2.738 Executing VM operation: CollectForMetadataAllocation
Event: 2.793 Executing VM operation: CollectForMetadataAllocation done


Dynamic libraries:
0x00007ff630e10000 - 0x00007ff630e55000 	C:\Program Files\Java\jdk-11.0.2\bin\java.exe
0x00007ffdc72d0000 - 0x00007ffdc74c5000 	C:\Windows\SYSTEM32\ntdll.dll
0x00007ffdc68b0000 - 0x00007ffdc696e000 	C:\Windows\System32\KERNEL32.DLL
0x00007ffdc4ba0000 - 0x00007ffdc4e69000 	C:\Windows\System32\KERNELBASE.dll
0x00007ffd82b20000 - 0x00007ffd82c3d000 	C:\Windows\System32\AppCheck64.dll
0x00007ffdc6c50000 - 0x00007ffdc6df1000 	C:\Windows\System32\USER32.dll
0x00007ffdc52c0000 - 0x00007ffdc52e2000 	C:\Windows\System32\win32u.dll
0x00007ffdc54c0000 - 0x00007ffdc54eb000 	C:\Windows\System32\GDI32.dll
0x00007ffdbf760000 - 0x00007ffdbf76a000 	C:\Windows\SYSTEM32\VERSION.dll
0x00007ffdc4e70000 - 0x00007ffdc4f7b000 	C:\Windows\System32\gdi32full.dll
0x00007ffdc6520000 - 0x00007ffdc65be000 	C:\Windows\System32\msvcrt.dll
0x00007ffdc5130000 - 0x00007ffdc51cd000 	C:\Windows\System32\msvcp_win.dll
0x00007ffdc5030000 - 0x00007ffdc5130000 	C:\Windows\System32\ucrtbase.dll
0x00007ffdaac80000 - 0x00007ffdaaf1a000 	C:\Windows\WinSxS\amd64_microsoft.windows.common-controls_6595b64144ccf1df_6.0.19041.1110_none_60b5254171f9507e\COMCTL32.dll
0x00007ffdc5410000 - 0x00007ffdc54bc000 	C:\Windows\System32\ADVAPI32.dll
0x00007ffdc54f0000 - 0x00007ffdc558b000 	C:\Windows\System32\sechost.dll
0x00007ffdc56a0000 - 0x00007ffdc57ca000 	C:\Windows\System32\RPCRT4.dll
0x00007ffdc6b40000 - 0x00007ffdc6b70000 	C:\Windows\System32\IMM32.DLL
0x00007ffdb9a80000 - 0x00007ffdb9a96000 	C:\Program Files\Java\jdk-11.0.2\bin\vcruntime140.dll
0x00007ffd7dca0000 - 0x00007ffd7dd4a000 	C:\Program Files\Java\jdk-11.0.2\bin\msvcp140.dll
0x00007ffd553f0000 - 0x00007ffd55f13000 	C:\Program Files\Java\jdk-11.0.2\bin\server\jvm.dll
0x00007ffdc6030000 - 0x00007ffdc6038000 	C:\Windows\System32\PSAPI.DLL
0x00007ffdb71d0000 - 0x00007ffdb71f7000 	C:\Windows\SYSTEM32\WINMM.dll
0x00007ffdaf720000 - 0x00007ffdaf729000 	C:\Windows\SYSTEM32\WSOCK32.dll
0x00007ffdc53a0000 - 0x00007ffdc540b000 	C:\Windows\System32\WS2_32.dll
0x00007ffdc2910000 - 0x00007ffdc2922000 	C:\Windows\SYSTEM32\kernel.appcore.dll
0x00007ffdb9a60000 - 0x00007ffdb9a71000 	C:\Program Files\Java\jdk-11.0.2\bin\verify.dll
0x00007ffdbe8d0000 - 0x00007ffdbeab4000 	C:\Windows\SYSTEM32\DBGHELP.DLL
0x00007ffdbb2d0000 - 0x00007ffdbb2fc000 	C:\Windows\SYSTEM32\dbgcore.DLL
0x00007ffdc51d0000 - 0x00007ffdc5253000 	C:\Windows\System32\bcryptPrimitives.dll
0x00007ffd91df0000 - 0x00007ffd91e18000 	C:\Program Files\Java\jdk-11.0.2\bin\java.dll
0x00007ffdb09d0000 - 0x00007ffdb09e6000 	C:\Program Files\Java\jdk-11.0.2\bin\zip.dll
0x00007ffdb9a50000 - 0x00007ffdb9a5a000 	C:\Program Files\Java\jdk-11.0.2\bin\jimage.dll
0x00007ffdc58f0000 - 0x00007ffdc602f000 	C:\Windows\System32\SHELL32.dll
0x00007ffdc2b10000 - 0x00007ffdc32a0000 	C:\Windows\SYSTEM32\windows.storage.dll
0x00007ffdc6e00000 - 0x00007ffdc7155000 	C:\Windows\System32\combase.dll
0x00007ffdc4440000 - 0x00007ffdc446c000 	C:\Windows\SYSTEM32\Wldp.dll
0x00007ffdc65c0000 - 0x00007ffdc666e000 	C:\Windows\System32\SHCORE.dll
0x00007ffdc5320000 - 0x00007ffdc5375000 	C:\Windows\System32\shlwapi.dll
0x00007ffdc4930000 - 0x00007ffdc494f000 	C:\Windows\SYSTEM32\profapi.dll
0x00007ffd91dd0000 - 0x00007ffd91de9000 	C:\Program Files\Java\jdk-11.0.2\bin\net.dll
0x00007ffdbd140000 - 0x00007ffdbd248000 	C:\Windows\SYSTEM32\WINHTTP.dll
0x00007ffdb1690000 - 0x00007ffdb187b000 	C:\Windows\SYSTEM32\urlmon.dll
0x00007ffdb19c0000 - 0x00007ffdb1c70000 	C:\Windows\SYSTEM32\iertutil.dll
0x00007ffdb52d0000 - 0x00007ffdb52f8000 	C:\Windows\SYSTEM32\srvcli.dll
0x00007ffdc3f50000 - 0x00007ffdc3f5c000 	C:\Windows\SYSTEM32\netutils.dll
0x00007ffdc41a0000 - 0x00007ffdc420a000 	C:\Windows\system32\mswsock.dll
0x00007ffd8f5c0000 - 0x00007ffd8f5d3000 	C:\Program Files\Java\jdk-11.0.2\bin\nio.dll
0x00007ffdc4390000 - 0x00007ffdc43a8000 	C:\Windows\SYSTEM32\CRYPTSP.dll
0x00007ffdc3ab0000 - 0x00007ffdc3ae4000 	C:\Windows\system32\rsaenh.dll
0x00007ffdc52f0000 - 0x00007ffdc5317000 	C:\Windows\System32\bcrypt.dll
0x00007ffdc48f0000 - 0x00007ffdc491e000 	C:\Windows\SYSTEM32\USERENV.dll
0x00007ffdc43b0000 - 0x00007ffdc43bc000 	C:\Windows\SYSTEM32\CRYPTBASE.dll
0x00007ffdc3e40000 - 0x00007ffdc3e7b000 	C:\Windows\SYSTEM32\IPHLPAPI.DLL
0x00007ffdc6b30000 - 0x00007ffdc6b38000 	C:\Windows\System32\NSI.dll
0x00007ffdbe820000 - 0x00007ffdbe837000 	C:\Windows\SYSTEM32\dhcpcsvc6.DLL
0x00007ffdbe750000 - 0x00007ffdbe76d000 	C:\Windows\SYSTEM32\dhcpcsvc.DLL
0x00007ffdc3e80000 - 0x00007ffdc3f4c000 	C:\Windows\SYSTEM32\DNSAPI.dll
0x00007ffd8e790000 - 0x00007ffd8e7ce000 	C:\Users\Gyuseok\AppData\Roaming\Code\User\globalStorage\redhat.java\0.82.0\config_ss_win\org.eclipse.equinox.launcher\org.eclipse.equinox.launcher.win32.win32.x86_64_1.2.300.v20210828-0802\eclipse_11506.dll
0x00007ffdc7160000 - 0x00007ffdc728a000 	C:\Windows\System32\ole32.dll
0x00007ffd8eaa0000 - 0x00007ffd8eab1000 	C:\Users\Gyuseok\AppData\Roaming\Code\User\globalStorage\redhat.java\0.82.0\config_ss_win\org.eclipse.osgi\16\0\.cp\jWinHttp-1.0.0.dll

dbghelp: loaded successfully - version: 4.0.5 - missing functions: none
symbol engine: initialized successfully - sym options: 0x614 - pdb path: .;C:\Program Files\Java\jdk-11.0.2\bin;C:\Windows\SYSTEM32;C:\Windows\WinSxS\amd64_microsoft.windows.common-controls_6595b64144ccf1df_6.0.19041.1110_none_60b5254171f9507e;C:\Program Files\Java\jdk-11.0.2\bin\server;C:\Users\Gyuseok\AppData\Roaming\Code\User\globalStorage\redhat.java\0.82.0\config_ss_win\org.eclipse.equinox.launcher\org.eclipse.equinox.launcher.win32.win32.x86_64_1.2.300.v20210828-0802;C:\Users\Gyuseok\AppData\Roaming\Code\User\globalStorage\redhat.java\0.82.0\config_ss_win\org.eclipse.osgi\16\0\.cp

VM Arguments:
jvm_args: --add-modules=ALL-SYSTEM --add-opens=java.base/java.util=ALL-UNNAMED --add-opens=java.base/java.lang=ALL-UNNAMED -Declipse.application=org.eclipse.jdt.ls.core.id1 -Dosgi.bundles.defaultStartLevel=4 -Declipse.product=org.eclipse.jdt.ls.core.product -Dfile.encoding=utf8 -DwatchParentProcess=false -XX:+UseParallelGC -XX:GCTimeRatio=4 -XX:AdaptiveSizePolicyWeight=90 -Dsun.zip.disableMemoryMapping=true -Xmx1G -Xms100m -Xverify:none 
java_command: c:\Users\Gyuseok\.vscode\extensions\redhat.java-0.82.0\server\plugins\org.eclipse.equinox.launcher_1.6.300.v20210813-1054.jar -configuration c:\Users\Gyuseok\AppData\Roaming\Code\User\globalStorage\redhat.java\0.82.0\config_ss_win -data c:\Users\Gyuseok\AppData\Roaming\Code\User\workspaceStorage\d9e4184313fe97c171b2a1aeb3b0707f\redhat.java\ss_ws
java_class_path (initial): c:\Users\Gyuseok\.vscode\extensions\redhat.java-0.82.0\server\plugins\org.eclipse.equinox.launcher_1.6.300.v20210813-1054.jar
Launcher Type: SUN_STANDARD

[Global flags]
    uintx AdaptiveSizePolicyWeight                 = 90                                        {product} {command line}
     bool BytecodeVerificationLocal                = false                                     {product} {command line}
     bool BytecodeVerificationRemote               = false                                     {product} {command line}
     intx CICompilerCount                          = 12                                        {product} {ergonomic}
    uintx GCTimeRatio                              = 4                                         {product} {command line}
   size_t InitialHeapSize                          = 104857600                                 {product} {command line}
   size_t MaxHeapSize                              = 1073741824                                {product} {command line}
   size_t MaxNewSize                               = 357564416                                 {product} {ergonomic}
   size_t MinHeapDeltaBytes                        = 524288                                    {product} {ergonomic}
   size_t NewSize                                  = 34603008                                  {product} {ergonomic}
    uintx NonNMethodCodeHeapSize                   = 7591728                                {pd product} {ergonomic}
    uintx NonProfiledCodeHeapSize                  = 122033256                              {pd product} {ergonomic}
   size_t OldSize                                  = 70254592                                  {product} {ergonomic}
    uintx ProfiledCodeHeapSize                     = 122033256                              {pd product} {ergonomic}
    uintx ReservedCodeCacheSize                    = 251658240                              {pd product} {ergonomic}
     bool SegmentedCodeCache                       = true                                      {product} {ergonomic}
     bool UseCompressedClassPointers               = true                                 {lp64_product} {ergonomic}
     bool UseCompressedOops                        = true                                 {lp64_product} {ergonomic}
     bool UseLargePagesIndividualAllocation        = false                                  {pd product} {ergonomic}
     bool UseParallelGC                            = true                                      {product} {command line}

Logging:
Log output configuration:
 #0: stdout all=warning uptime,level,tags
 #1: stderr all=off uptime,level,tags

Environment Variables:
JAVA_HOME=C:\Program Files\Java\jdk1.8.0_261
PATH=C:\Program Files\Git\usr\local\bin;C:\Program Files\Git\bin;C:\Program Files\Java\jdk-11.0.2\bin;C:\Program Files (x86)\NAT Service;C:\Program Files (x86)\Common Files\Oracle\Java\javapath;C:\Windows\system32;C:\Windows;C:\Windows\System32\Wbem;C:\Windows\System32\WindowsPowerShell\v1.0\;C:\Windows\System32\OpenSSH\;C:\Program Files (x86)\Microsoft SQL Server\150\DTS\Binn\;C:\Program Files\Azure Data Studio\bin;C:\Program Files\Microsoft SQL Server\Client SDK\ODBC\170\Tools\Binn\;C:\Program Files (x86)\Microsoft SQL Server\150\Tools\Binn\;C:\Program Files\Microsoft SQL Server\150\Tools\Binn\;C:\Program Files\Microsoft SQL Server\150\DTS\Binn\;C:\Program Files\Git\cmd;C:\Program Files\nodejs\;C:\Users\Gyuseok\AppData\Local\Programs\Python\Python38-32\Scripts\;C:\Users\Gyuseok\AppData\Local\Programs\Python\Python38-32\;C:\Users\Gyuseok\AppData\Local\Microsoft\WindowsApps;C:\Program Files\Java\jdk1.8.0_261\bin;C:\Program Files\Azure Data Studio\bin;C:\Users\Gyuseok\AppData\Local\Programs\Microsoft VS Code\bin;C:\Users\Gyuseok\AppData\Local\GitHubDesktop\bin;C:\Users\Gyuseok\AppData\Roaming\npm
USERNAME=Gyuseok
OS=Windows_NT
PROCESSOR_IDENTIFIER=Intel64 Family 6 Model 165 Stepping 5, GenuineIntel



---------------  S Y S T E M  ---------------

OS: Windows 10 , 64 bit Build 19041 (10.0.19041.1202)

CPU:total 16 (initial active 16) (8 cores per cpu, 2 threads per core) family 6 model 165 stepping 5, cmov, cx8, fxsr, mmx, sse, sse2, sse3, ssse3, sse4.1, sse4.2, popcnt, avx, avx2, aes, clmul, erms, 3dnowpref, lzcnt, ht, tsc, tscinvbit, bmi1, bmi2, adx, fma

Memory: 4k page, system-wide physical 16275M (9147M free)
TotalPageFile size 18707M (AvailPageFile size 6509M)
current process WorkingSet (physical memory assigned to process): 202M, peak: 221M
current process commit charge ("private bytes"): 310M, peak: 338M

vm_info: OpenJDK 64-Bit Server VM (11.0.2+9) for windows-amd64 JRE (11.0.2+9), built on Jan 18 2019 05:23:22 by "mach5one" with MS VC++ 15.5 (VS2017)

END.
